error:timed out after 5 seconds, waiting for {:xpath=>"//input[@id='cash-amount-new']", :tag_name=>"input or textarea", :type=>"(any text type)"} to become present at:["c:/Ruby193/lib/ruby/gems/1.9.1/gems/watir-webdriver-0.6.11/lib/watir-webdriver/wait.rb:48:in `until'", "c:/Ruby193/lib/ruby/gems/1.9.1/gems/watir-webdriver-0.6.11/lib/watir-webdriver/wait.rb:174:in `wait_until_present'", "c:/Ruby193/lib/ruby/gems/1.9.1/gems/page-object-1.0.2/lib/page-object/platforms/watir_webdriver/element.rb:160:in `when_present'", "d:/work/git/lol/app/pages/ndb/profile_page.rb:291:in `add_cash'", "d:/work/git/lol/app/cases/ndb/profile_spec.rb:53:in `block (2 levels) in <top (required)>'", "c:/Ruby193/lib/ruby/gems/1.9.1/gems/rspec-core-2.14.8/lib/rspec/core/example.rb:114:in `instance_eval'", "c:/Ruby193/lib/ruby/gems/1.9.1/gems/rspec-core-2.14.8/lib/rspec/core/example.rb:114:in `block in run'", "c:/Ruby193/lib/ruby/gems/1.9.1/gems/rspec-core-2.14.8/lib/rspec/core/example.rb:254:in `with_around_each_hooks'", "c:/Ruby193/lib/ruby/gems/1.9.1/gems/rspec-core-2.14.8/lib/rspec/core/example.rb:111:in `run'", "c:/Ruby193/lib/ruby/gems/1.9.1/gems/rspec-core-2.14.8/lib/rspec/core/example_group.rb:390:in `block in run_examples'", "c:/Ruby193/lib/ruby/gems/1.9.1/gems/rspec-core-2.14.8/lib/rspec/core/example_group.rb:386:in `map'", "c:/Ruby193/lib/ruby/gems/1.9.1/gems/rspec-core-2.14.8/lib/rspec/core/example_group.rb:386:in `run_examples'", "c:/Ruby193/lib/ruby/gems/1.9.1/gems/rspec-core-2.14.8/lib/rspec/core/example_group.rb:371:in `run'", "c:/Ruby193/lib/ruby/gems/1.9.1/gems/rspec-core-2.14.8/lib/rspec/core/command_line.rb:28:in `block (2 levels) in run'", "c:/Ruby193/lib/ruby/gems/1.9.1/gems/rspec-core-2.14.8/lib/rspec/core/command_line.rb:28:in `map'", "c:/Ruby193/lib/ruby/gems/1.9.1/gems/rspec-core-2.14.8/lib/rspec/core/command_line.rb:28:in `block in run'", "c:/Ruby193/lib/ruby/gems/1.9.1/gems/rspec-core-2.14.8/lib/rspec/core/reporter.rb:58:in `report'", "c:/Ruby193/lib/ruby/gems/1.9.1/gems/rspec-core-2.14.8/lib/rspec/core/command_line.rb:25:in `run'", "c:/Ruby193/lib/ruby/gems/1.9.1/gems/rspec-core-2.14.8/lib/rspec/core/runner.rb:80:in `run'", "c:/Ruby193/lib/ruby/gems/1.9.1/gems/rspec-core-2.14.8/lib/rspec/core/runner.rb:17:in `block in autorun'"]
=======================================================================2014-10-23(15:08)
error:[Exception... "Component returned failure code: 0x80004005 (NS_ERROR_FAILURE) [nsINativeMouse.click]"  nsresult: "0x80004005 (NS_ERROR_FAILURE)"  location: "JS frame :: file:///C:/Users/timsheng/AppData/Local/Temp/webdriver-profile20141023-8048-1olb5up/extensions/fxdriver@googlecode.com/components/command-processor.js :: WebElement.clickElement :: line 11023"  data: no] at:["[remote server] file:///C:/Users/timsheng/AppData/Local/Temp/webdriver-profile20141023-8048-1olb5up/extensions/fxdriver@googlecode.com/components/command-processor.js:11030:9:in `WebElement.clickElement'", "[remote server] file:///C:/Users/timsheng/AppData/Local/Temp/webdriver-profile20141023-8048-1olb5up/extensions/fxdriver@googlecode.com/components/command-processor.js:11612:16:in `DelayedCommand.prototype.executeInternal_/h'", "[remote server] file:///C:/Users/timsheng/AppData/Local/Temp/webdriver-profile20141023-8048-1olb5up/extensions/fxdriver@googlecode.com/components/command-processor.js:11617:7:in `DelayedCommand.prototype.executeInternal_'", "[remote server] file:///C:/Users/timsheng/AppData/Local/Temp/webdriver-profile20141023-8048-1olb5up/extensions/fxdriver@googlecode.com/components/command-processor.js:11559:5:in `DelayedCommand.prototype.execute/<'", "c:/Ruby193/lib/ruby/gems/1.9.1/gems/selenium-webdriver-2.43.0/lib/selenium/webdriver/remote/response.rb:52:in `assert_ok'", "c:/Ruby193/lib/ruby/gems/1.9.1/gems/selenium-webdriver-2.43.0/lib/selenium/webdriver/remote/response.rb:15:in `initialize'", "c:/Ruby193/lib/ruby/gems/1.9.1/gems/selenium-webdriver-2.43.0/lib/selenium/webdriver/remote/http/common.rb:59:in `new'", "c:/Ruby193/lib/ruby/gems/1.9.1/gems/selenium-webdriver-2.43.0/lib/selenium/webdriver/remote/http/common.rb:59:in `create_response'", "c:/Ruby193/lib/ruby/gems/1.9.1/gems/selenium-webdriver-2.43.0/lib/selenium/webdriver/remote/http/default.rb:66:in `request'", "c:/Ruby193/lib/ruby/gems/1.9.1/gems/selenium-webdriver-2.43.0/lib/selenium/webdriver/remote/http/common.rb:40:in `call'", "c:/Ruby193/lib/ruby/gems/1.9.1/gems/selenium-webdriver-2.43.0/lib/selenium/webdriver/remote/bridge.rb:638:in `raw_execute'", "c:/Ruby193/lib/ruby/gems/1.9.1/gems/selenium-webdriver-2.43.0/lib/selenium/webdriver/remote/bridge.rb:616:in `execute'", "c:/Ruby193/lib/ruby/gems/1.9.1/gems/selenium-webdriver-2.43.0/lib/selenium/webdriver/remote/bridge.rb:373:in `clickElement'", "c:/Ruby193/lib/ruby/gems/1.9.1/gems/selenium-webdriver-2.43.0/lib/selenium/webdriver/common/element.rb:54:in `click'", "c:/Ruby193/lib/ruby/gems/1.9.1/gems/watir-webdriver-0.6.11/lib/watir-webdriver/elements/element.rb:132:in `click'", "c:/Ruby193/lib/ruby/gems/1.9.1/gems/page-object-1.0.2/lib/page-object/elements/element.rb:25:in `click'", "d:/work/git/lol/app/pages/ndb/profile_page.rb:485:in `create_contact'", "d:/work/git/lol/app/cases/ndb/profile_spec.rb:254:in `block (2 levels) in <top (required)>'", "c:/Ruby193/lib/ruby/gems/1.9.1/gems/rspec-core-2.14.8/lib/rspec/core/example.rb:114:in `instance_eval'", "c:/Ruby193/lib/ruby/gems/1.9.1/gems/rspec-core-2.14.8/lib/rspec/core/example.rb:114:in `block in run'", "c:/Ruby193/lib/ruby/gems/1.9.1/gems/rspec-core-2.14.8/lib/rspec/core/example.rb:254:in `with_around_each_hooks'", "c:/Ruby193/lib/ruby/gems/1.9.1/gems/rspec-core-2.14.8/lib/rspec/core/example.rb:111:in `run'", "c:/Ruby193/lib/ruby/gems/1.9.1/gems/rspec-core-2.14.8/lib/rspec/core/example_group.rb:390:in `block in run_examples'", "c:/Ruby193/lib/ruby/gems/1.9.1/gems/rspec-core-2.14.8/lib/rspec/core/example_group.rb:386:in `map'", "c:/Ruby193/lib/ruby/gems/1.9.1/gems/rspec-core-2.14.8/lib/rspec/core/example_group.rb:386:in `run_examples'", "c:/Ruby193/lib/ruby/gems/1.9.1/gems/rspec-core-2.14.8/lib/rspec/core/example_group.rb:371:in `run'", "c:/Ruby193/lib/ruby/gems/1.9.1/gems/rspec-core-2.14.8/lib/rspec/core/command_line.rb:28:in `block (2 levels) in run'", "c:/Ruby193/lib/ruby/gems/1.9.1/gems/rspec-core-2.14.8/lib/rspec/core/command_line.rb:28:in `map'", "c:/Ruby193/lib/ruby/gems/1.9.1/gems/rspec-core-2.14.8/lib/rspec/core/command_line.rb:28:in `block in run'", "c:/Ruby193/lib/ruby/gems/1.9.1/gems/rspec-core-2.14.8/lib/rspec/core/reporter.rb:58:in `report'", "c:/Ruby193/lib/ruby/gems/1.9.1/gems/rspec-core-2.14.8/lib/rspec/core/command_line.rb:25:in `run'", "c:/Ruby193/lib/ruby/gems/1.9.1/gems/rspec-core-2.14.8/lib/rspec/core/runner.rb:80:in `run'", "c:/Ruby193/lib/ruby/gems/1.9.1/gems/rspec-core-2.14.8/lib/rspec/core/runner.rb:17:in `block in autorun'"]
=======================================================================2014-10-23(15:21)
error:[Exception... "Component returned failure code: 0x80004005 (NS_ERROR_FAILURE) [nsINativeMouse.click]"  nsresult: "0x80004005 (NS_ERROR_FAILURE)"  location: "JS frame :: file:///C:/Users/timsheng/AppData/Local/Temp/webdriver-profile20141023-12720-hjtwvi/extensions/fxdriver@googlecode.com/components/command-processor.js :: WebElement.clickElement :: line 11023"  data: no] at:["[remote server] file:///C:/Users/timsheng/AppData/Local/Temp/webdriver-profile20141023-12720-hjtwvi/extensions/fxdriver@googlecode.com/components/command-processor.js:11030:9:in `WebElement.clickElement'", "[remote server] file:///C:/Users/timsheng/AppData/Local/Temp/webdriver-profile20141023-12720-hjtwvi/extensions/fxdriver@googlecode.com/components/command-processor.js:11612:16:in `DelayedCommand.prototype.executeInternal_/h'", "[remote server] file:///C:/Users/timsheng/AppData/Local/Temp/webdriver-profile20141023-12720-hjtwvi/extensions/fxdriver@googlecode.com/components/command-processor.js:11617:7:in `DelayedCommand.prototype.executeInternal_'", "[remote server] file:///C:/Users/timsheng/AppData/Local/Temp/webdriver-profile20141023-12720-hjtwvi/extensions/fxdriver@googlecode.com/components/command-processor.js:11559:5:in `DelayedCommand.prototype.execute/<'", "c:/Ruby193/lib/ruby/gems/1.9.1/gems/selenium-webdriver-2.43.0/lib/selenium/webdriver/remote/response.rb:52:in `assert_ok'", "c:/Ruby193/lib/ruby/gems/1.9.1/gems/selenium-webdriver-2.43.0/lib/selenium/webdriver/remote/response.rb:15:in `initialize'", "c:/Ruby193/lib/ruby/gems/1.9.1/gems/selenium-webdriver-2.43.0/lib/selenium/webdriver/remote/http/common.rb:59:in `new'", "c:/Ruby193/lib/ruby/gems/1.9.1/gems/selenium-webdriver-2.43.0/lib/selenium/webdriver/remote/http/common.rb:59:in `create_response'", "c:/Ruby193/lib/ruby/gems/1.9.1/gems/selenium-webdriver-2.43.0/lib/selenium/webdriver/remote/http/default.rb:66:in `request'", "c:/Ruby193/lib/ruby/gems/1.9.1/gems/selenium-webdriver-2.43.0/lib/selenium/webdriver/remote/http/common.rb:40:in `call'", "c:/Ruby193/lib/ruby/gems/1.9.1/gems/selenium-webdriver-2.43.0/lib/selenium/webdriver/remote/bridge.rb:638:in `raw_execute'", "c:/Ruby193/lib/ruby/gems/1.9.1/gems/selenium-webdriver-2.43.0/lib/selenium/webdriver/remote/bridge.rb:616:in `execute'", "c:/Ruby193/lib/ruby/gems/1.9.1/gems/selenium-webdriver-2.43.0/lib/selenium/webdriver/remote/bridge.rb:373:in `clickElement'", "c:/Ruby193/lib/ruby/gems/1.9.1/gems/selenium-webdriver-2.43.0/lib/selenium/webdriver/common/element.rb:54:in `click'", "c:/Ruby193/lib/ruby/gems/1.9.1/gems/watir-webdriver-0.6.11/lib/watir-webdriver/elements/element.rb:132:in `click'", "c:/Ruby193/lib/ruby/gems/1.9.1/gems/page-object-1.0.2/lib/page-object/elements/element.rb:25:in `click'", "d:/work/git/lol/app/pages/ndb/profile_page.rb:485:in `create_contact'", "d:/work/git/lol/app/cases/ndb/profile_spec.rb:254:in `block (2 levels) in <top (required)>'", "c:/Ruby193/lib/ruby/gems/1.9.1/gems/rspec-core-2.14.8/lib/rspec/core/example.rb:114:in `instance_eval'", "c:/Ruby193/lib/ruby/gems/1.9.1/gems/rspec-core-2.14.8/lib/rspec/core/example.rb:114:in `block in run'", "c:/Ruby193/lib/ruby/gems/1.9.1/gems/rspec-core-2.14.8/lib/rspec/core/example.rb:254:in `with_around_each_hooks'", "c:/Ruby193/lib/ruby/gems/1.9.1/gems/rspec-core-2.14.8/lib/rspec/core/example.rb:111:in `run'", "c:/Ruby193/lib/ruby/gems/1.9.1/gems/rspec-core-2.14.8/lib/rspec/core/example_group.rb:390:in `block in run_examples'", "c:/Ruby193/lib/ruby/gems/1.9.1/gems/rspec-core-2.14.8/lib/rspec/core/example_group.rb:386:in `map'", "c:/Ruby193/lib/ruby/gems/1.9.1/gems/rspec-core-2.14.8/lib/rspec/core/example_group.rb:386:in `run_examples'", "c:/Ruby193/lib/ruby/gems/1.9.1/gems/rspec-core-2.14.8/lib/rspec/core/example_group.rb:371:in `run'", "c:/Ruby193/lib/ruby/gems/1.9.1/gems/rspec-core-2.14.8/lib/rspec/core/command_line.rb:28:in `block (2 levels) in run'", "c:/Ruby193/lib/ruby/gems/1.9.1/gems/rspec-core-2.14.8/lib/rspec/core/command_line.rb:28:in `map'", "c:/Ruby193/lib/ruby/gems/1.9.1/gems/rspec-core-2.14.8/lib/rspec/core/command_line.rb:28:in `block in run'", "c:/Ruby193/lib/ruby/gems/1.9.1/gems/rspec-core-2.14.8/lib/rspec/core/reporter.rb:58:in `report'", "c:/Ruby193/lib/ruby/gems/1.9.1/gems/rspec-core-2.14.8/lib/rspec/core/command_line.rb:25:in `run'", "c:/Ruby193/lib/ruby/gems/1.9.1/gems/rspec-core-2.14.8/lib/rspec/core/runner.rb:80:in `run'", "c:/Ruby193/lib/ruby/gems/1.9.1/gems/rspec-core-2.14.8/lib/rspec/core/runner.rb:17:in `block in autorun'"]
=======================================================================2014-10-23(15:22)
error:[Exception... "Component returned failure code: 0x80004005 (NS_ERROR_FAILURE) [nsINativeMouse.click]"  nsresult: "0x80004005 (NS_ERROR_FAILURE)"  location: "JS frame :: file:///C:/Users/timsheng/AppData/Local/Temp/webdriver-profile20141023-11576-14iees4/extensions/fxdriver@googlecode.com/components/command-processor.js :: WebElement.clickElement :: line 11023"  data: no] at:["[remote server] file:///C:/Users/timsheng/AppData/Local/Temp/webdriver-profile20141023-11576-14iees4/extensions/fxdriver@googlecode.com/components/command-processor.js:11030:9:in `WebElement.clickElement'", "[remote server] file:///C:/Users/timsheng/AppData/Local/Temp/webdriver-profile20141023-11576-14iees4/extensions/fxdriver@googlecode.com/components/command-processor.js:11612:16:in `DelayedCommand.prototype.executeInternal_/h'", "[remote server] file:///C:/Users/timsheng/AppData/Local/Temp/webdriver-profile20141023-11576-14iees4/extensions/fxdriver@googlecode.com/components/command-processor.js:11617:7:in `DelayedCommand.prototype.executeInternal_'", "[remote server] file:///C:/Users/timsheng/AppData/Local/Temp/webdriver-profile20141023-11576-14iees4/extensions/fxdriver@googlecode.com/components/command-processor.js:11559:5:in `DelayedCommand.prototype.execute/<'", "c:/Ruby193/lib/ruby/gems/1.9.1/gems/selenium-webdriver-2.43.0/lib/selenium/webdriver/remote/response.rb:52:in `assert_ok'", "c:/Ruby193/lib/ruby/gems/1.9.1/gems/selenium-webdriver-2.43.0/lib/selenium/webdriver/remote/response.rb:15:in `initialize'", "c:/Ruby193/lib/ruby/gems/1.9.1/gems/selenium-webdriver-2.43.0/lib/selenium/webdriver/remote/http/common.rb:59:in `new'", "c:/Ruby193/lib/ruby/gems/1.9.1/gems/selenium-webdriver-2.43.0/lib/selenium/webdriver/remote/http/common.rb:59:in `create_response'", "c:/Ruby193/lib/ruby/gems/1.9.1/gems/selenium-webdriver-2.43.0/lib/selenium/webdriver/remote/http/default.rb:66:in `request'", "c:/Ruby193/lib/ruby/gems/1.9.1/gems/selenium-webdriver-2.43.0/lib/selenium/webdriver/remote/http/common.rb:40:in `call'", "c:/Ruby193/lib/ruby/gems/1.9.1/gems/selenium-webdriver-2.43.0/lib/selenium/webdriver/remote/bridge.rb:638:in `raw_execute'", "c:/Ruby193/lib/ruby/gems/1.9.1/gems/selenium-webdriver-2.43.0/lib/selenium/webdriver/remote/bridge.rb:616:in `execute'", "c:/Ruby193/lib/ruby/gems/1.9.1/gems/selenium-webdriver-2.43.0/lib/selenium/webdriver/remote/bridge.rb:373:in `clickElement'", "c:/Ruby193/lib/ruby/gems/1.9.1/gems/selenium-webdriver-2.43.0/lib/selenium/webdriver/common/element.rb:54:in `click'", "c:/Ruby193/lib/ruby/gems/1.9.1/gems/watir-webdriver-0.6.11/lib/watir-webdriver/elements/element.rb:132:in `click'", "c:/Ruby193/lib/ruby/gems/1.9.1/gems/page-object-1.0.2/lib/page-object/elements/element.rb:25:in `click'", "d:/work/git/lol/app/pages/ndb/profile_page.rb:485:in `create_contact'", "d:/work/git/lol/app/cases/ndb/profile_spec.rb:254:in `block (2 levels) in <top (required)>'", "c:/Ruby193/lib/ruby/gems/1.9.1/gems/rspec-core-2.14.8/lib/rspec/core/example.rb:114:in `instance_eval'", "c:/Ruby193/lib/ruby/gems/1.9.1/gems/rspec-core-2.14.8/lib/rspec/core/example.rb:114:in `block in run'", "c:/Ruby193/lib/ruby/gems/1.9.1/gems/rspec-core-2.14.8/lib/rspec/core/example.rb:254:in `with_around_each_hooks'", "c:/Ruby193/lib/ruby/gems/1.9.1/gems/rspec-core-2.14.8/lib/rspec/core/example.rb:111:in `run'", "c:/Ruby193/lib/ruby/gems/1.9.1/gems/rspec-core-2.14.8/lib/rspec/core/example_group.rb:390:in `block in run_examples'", "c:/Ruby193/lib/ruby/gems/1.9.1/gems/rspec-core-2.14.8/lib/rspec/core/example_group.rb:386:in `map'", "c:/Ruby193/lib/ruby/gems/1.9.1/gems/rspec-core-2.14.8/lib/rspec/core/example_group.rb:386:in `run_examples'", "c:/Ruby193/lib/ruby/gems/1.9.1/gems/rspec-core-2.14.8/lib/rspec/core/example_group.rb:371:in `run'", "c:/Ruby193/lib/ruby/gems/1.9.1/gems/rspec-core-2.14.8/lib/rspec/core/command_line.rb:28:in `block (2 levels) in run'", "c:/Ruby193/lib/ruby/gems/1.9.1/gems/rspec-core-2.14.8/lib/rspec/core/command_line.rb:28:in `map'", "c:/Ruby193/lib/ruby/gems/1.9.1/gems/rspec-core-2.14.8/lib/rspec/core/command_line.rb:28:in `block in run'", "c:/Ruby193/lib/ruby/gems/1.9.1/gems/rspec-core-2.14.8/lib/rspec/core/reporter.rb:58:in `report'", "c:/Ruby193/lib/ruby/gems/1.9.1/gems/rspec-core-2.14.8/lib/rspec/core/command_line.rb:25:in `run'", "c:/Ruby193/lib/ruby/gems/1.9.1/gems/rspec-core-2.14.8/lib/rspec/core/runner.rb:80:in `run'", "c:/Ruby193/lib/ruby/gems/1.9.1/gems/rspec-core-2.14.8/lib/rspec/core/runner.rb:17:in `block in autorun'"]
=======================================================================2014-10-23(15:26)
